# JRE version: OpenJDK Runtime Environment (8.0_152-b01) (build 1.8.0_152-release-1343-b01)
# Java VM: OpenJDK 64-Bit Server VM (25.152-b01 mixed mode windows-amd64 compressed oops)
Heap:
 PSYoungGen      total 277504K, used 91434K [0x00000000e0000000, 0x00000000f2c80000, 0x0000000100000000)
  eden space 250368K, 28% used [0x00000000e0000000,0x00000000e45eaa00,0x00000000ef480000)
  from space 27136K, 73% used [0x00000000f1200000,0x00000000f2560078,0x00000000f2c80000)
  to   space 28672K, 0% used [0x00000000ef480000,0x00000000ef480000,0x00000000f1080000)
 ParOldGen       total 407552K, used 69243K [0x00000000a0000000, 0x00000000b8e00000, 0x00000000e0000000)
  object space 407552K, 16% used [0x00000000a0000000,0x00000000a439ed58,0x00000000b8e00000)
 Metaspace       used 97980K, capacity 102112K, committed 102440K, reserved 1138688K
  class space    used 12221K, capacity 12974K, committed 13096K, reserved 1048576K
GC Heap History (10 events):
Event: 588.256 GC heap before
{Heap before GC invocations=26 (full 4):
 PSYoungGen      total 249344K, used 223186K [0x00000000e0000000, 0x00000000f2180000, 0x0000000100000000)
  eden space 218112K, 100% used [0x00000000e0000000,0x00000000ed500000,0x00000000ed500000)
  from space 31232K, 16% used [0x00000000ed500000,0x00000000ed9f48a8,0x00000000ef380000)
  to   space 30720K, 0% used [0x00000000f0380000,0x00000000f0380000,0x00000000f2180000)
 ParOldGen       total 407552K, used 56633K [0x00000000a0000000, 0x00000000b8e00000, 0x00000000e0000000)
  object space 407552K, 13% used [0x00000000a0000000,0x00000000a374e5d0,0x00000000b8e00000)
 Metaspace       used 95492K, capacity 99262K, committed 99496K, reserved 1136640K
  class space    used 11917K, capacity 12631K, committed 12712K, reserved 1048576K
Event: 588.259 GC heap after
Heap after GC invocations=26 (full 4):
 PSYoungGen      total 262656K, used 3270K [0x00000000e0000000, 0x00000000f1f80000, 0x0000000100000000)
  eden space 233984K, 0% used [0x00000000e0000000,0x00000000e0000000,0x00000000ee480000)
  from space 28672K, 11% used [0x00000000f0380000,0x00000000f06b19b0,0x00000000f1f80000)
  to   space 30208K, 0% used [0x00000000ee480000,0x00000000ee480000,0x00000000f0200000)
 ParOldGen       total 407552K, used 56641K [0x00000000a0000000, 0x00000000b8e00000, 0x00000000e0000000)
  object space 407552K, 13% used [0x00000000a0000000,0x00000000a37505d0,0x00000000b8e00000)
 Metaspace       used 95492K, capacity 99262K, committed 99496K, reserved 1136640K
  class space    used 11917K, capacity 12631K, committed 12712K, reserved 1048576K
}
Event: 588.818 GC heap before
{Heap before GC invocations=27 (full 4):
 PSYoungGen      total 262656K, used 237254K [0x00000000e0000000, 0x00000000f1f80000, 0x0000000100000000)
  eden space 233984K, 100% used [0x00000000e0000000,0x00000000ee480000,0x00000000ee480000)
  from space 28672K, 11% used [0x00000000f0380000,0x00000000f06b19b0,0x00000000f1f80000)
  to   space 30208K, 0% used [0x00000000ee480000,0x00000000ee480000,0x00000000f0200000)
 ParOldGen       total 407552K, used 56641K [0x00000000a0000000, 0x00000000b8e00000, 0x00000000e0000000)
  object space 407552K, 13% used [0x00000000a0000000,0x00000000a37505d0,0x00000000b8e00000)
 Metaspace       used 95521K, capacity 99340K, committed 99496K, reserved 1136640K
  class space    used 11919K, capacity 12632K, committed 12712K, reserved 1048576K
Event: 588.822 GC heap after
Heap after GC invocations=27 (full 4):
 PSYoungGen      total 264192K, used 5485K [0x00000000e0000000, 0x00000000f2f00000, 0x0000000100000000)
  eden space 233984K, 0% used [0x00000000e0000000,0x00000000e0000000,0x00000000ee480000)
  from space 30208K, 18% used [0x00000000ee480000,0x00000000ee9db518,0x00000000f0200000)
  to   space 29696K, 0% used [0x00000000f1200000,0x00000000f1200000,0x00000000f2f00000)
 ParOldGen       total 407552K, used 56641K [0x00000000a0000000, 0x00000000b8e00000, 0x00000000e0000000)
  object space 407552K, 13% used [0x00000000a0000000,0x00000000a37505d0,0x00000000b8e00000)
 Metaspace       used 95521K, capacity 99340K, committed 99496K, reserved 1136640K
  class space    used 11919K, capacity 12632K, committed 12712K, reserved 1048576K
}
Event: 589.431 GC heap before
{Heap before GC invocations=28 (full 4):
 PSYoungGen      total 264192K, used 239469K [0x00000000e0000000, 0x00000000f2f00000, 0x0000000100000000)
  eden space 233984K, 100% used [0x00000000e0000000,0x00000000ee480000,0x00000000ee480000)
  from space 30208K, 18% used [0x00000000ee480000,0x00000000ee9db518,0x00000000f0200000)
  to   space 29696K, 0% used [0x00000000f1200000,0x00000000f1200000,0x00000000f2f00000)
 ParOldGen       total 407552K, used 56641K [0x00000000a0000000, 0x00000000b8e00000, 0x00000000e0000000)
  object space 407552K, 13% used [0x00000000a0000000,0x00000000a37505d0,0x00000000b8e00000)
 Metaspace       used 95573K, capacity 99412K, committed 99752K, reserved 1136640K
  class space    used 11919K, capacity 12632K, committed 12712K, reserved 1048576K
Event: 589.435 GC heap after
Heap after GC invocations=28 (full 4):
 PSYoungGen      total 277504K, used 4261K [0x00000000e0000000, 0x00000000f2c80000, 0x0000000100000000)
  eden space 250368K, 0% used [0x00000000e0000000,0x00000000e0000000,0x00000000ef480000)
  from space 27136K, 15% used [0x00000000f1200000,0x00000000f1629780,0x00000000f2c80000)
  to   space 28672K, 0% used [0x00000000ef480000,0x00000000ef480000,0x00000000f1080000)
 ParOldGen       total 407552K, used 56641K [0x00000000a0000000, 0x00000000b8e00000, 0x00000000e0000000)
  object space 407552K, 13% used [0x00000000a0000000,0x00000000a37505d0,0x00000000b8e00000)
 Metaspace       used 95573K, capacity 99412K, committed 99752K, reserved 1136640K
  class space    used 11919K, capacity 12632K, committed 12712K, reserved 1048576K
}
Event: 590.380 GC heap before
{Heap before GC invocations=29 (full 4):
 PSYoungGen      total 277504K, used 254629K [0x00000000e0000000, 0x00000000f2c80000, 0x0000000100000000)
  eden space 250368K, 100% used [0x00000000e0000000,0x00000000ef480000,0x00000000ef480000)
  from space 27136K, 15% used [0x00000000f1200000,0x00000000f1629780,0x00000000f2c80000)
  to   space 28672K, 0% used [0x00000000ef480000,0x00000000ef480000,0x00000000f1080000)
 ParOldGen       total 407552K, used 56641K [0x00000000a0000000, 0x00000000b8e00000, 0x00000000e0000000)
  object space 407552K, 13% used [0x00000000a0000000,0x00000000a37505d0,0x00000000b8e00000)
 Metaspace       used 96248K, capacity 100144K, committed 100264K, reserved 1136640K
  class space    used 11986K, capacity 12686K, committed 12712K, reserved 1048576K
Event: 590.405 GC heap after
Heap after GC invocations=29 (full 4):
 PSYoungGen      total 279040K, used 28666K [0x00000000e0000000, 0x00000000f2c80000, 0x0000000100000000)
  eden space 250368K, 0% used [0x00000000e0000000,0x00000000e0000000,0x00000000ef480000)
  from space 28672K, 99% used [0x00000000ef480000,0x00000000f107ead8,0x00000000f1080000)
  to   space 27136K, 0% used [0x00000000f1200000,0x00000000f1200000,0x00000000f2c80000)
 ParOldGen       total 407552K, used 69235K [0x00000000a0000000, 0x00000000b8e00000, 0x00000000e0000000)
  object space 407552K, 16% used [0x00000000a0000000,0x00000000a439cd58,0x00000000b8e00000)
 Metaspace       used 96248K, capacity 100144K, committed 100264K, reserved 1136640K
  class space    used 11986K, capacity 12686K, committed 12712K, reserved 1048576K
}
Event: 591.717 GC heap before
{Heap before GC invocations=30 (full 4):
 PSYoungGen      total 279040K, used 279034K [0x00000000e0000000, 0x00000000f2c80000, 0x0000000100000000)
  eden space 250368K, 100% used [0x00000000e0000000,0x00000000ef480000,0x00000000ef480000)
  from space 28672K, 99% used [0x00000000ef480000,0x00000000f107ead8,0x00000000f1080000)
  to   space 27136K, 0% used [0x00000000f1200000,0x00000000f1200000,0x00000000f2c80000)
 ParOldGen       total 407552K, used 69235K [0x00000000a0000000, 0x00000000b8e00000, 0x00000000e0000000)
  object space 407552K, 16% used [0x00000000a0000000,0x00000000a439cd58,0x00000000b8e00000)
 Metaspace       used 97802K, capacity 101838K, committed 102056K, reserved 1138688K
  class space    used 12195K, capacity 12933K, committed 12968K, reserved 1048576K
Event: 591.734 GC heap after
Heap after GC invocations=30 (full 4):
 PSYoungGen      total 277504K, used 19840K [0x00000000e0000000, 0x00000000f2c80000, 0x0000000100000000)
  eden space 250368K, 0% used [0x00000000e0000000,0x00000000e0000000,0x00000000ef480000)
  from space 27136K, 73% used [0x00000000f1200000,0x00000000f2560078,0x00000000f2c80000)
  to   space 28672K, 0% used [0x00000000ef480000,0x00000000ef480000,0x00000000f1080000)
 ParOldGen       total 407552K, used 69243K [0x00000000a0000000, 0x00000000b8e00000, 0x00000000e0000000)
  object space 407552K, 16% used [0x00000000a0000000,0x00000000a439ed58,0x00000000b8e00000)
 Metaspace       used 97802K, capacity 101838K, committed 102056K, reserved 1138688K
  class space    used 12195K, capacity 12933K, committed 12968K, reserved 1048576K
}

